build/app/intermediates/manifest_merge_blame_file/debug/manifest-merger-blame-debug-report.txt
1<?xml version="1.0" encoding="utf-8"?>
2<manifest xmlns:android="http://schemas.android.com/apk/res/android"
3    package="com.example.sampleproject"
4    android:versionCode="1"
5    android:versionName="1.0.0" >
6
7    <uses-sdk
8        android:minSdkVersion="16"
9        android:targetSdkVersion="31" />
10    <!--
11         The INTERNET permission is required for development. Specifically,
12         the Flutter tool needs it to communicate with the running application
13         to allow setting breakpoints, to provide hot reload, etc.
14    -->
15    <uses-permission android:name="android.permission.INTERNET" />
15-->src\debug\AndroidManifest.xml:7:5-66
15-->src\debug\AndroidManifest.xml:7:22-64
16
17    <application
18        android:name="android.app.Application"
19        android:appComponentFactory="androidx.core.app.CoreComponentFactory"
19-->[androidx.core:core:1.6.0] AndroidManifest.xml:24:18-86
20        android:debuggable="true"
21        android:icon="@mipmap/ic_launcher"
22        android:label="sampleproject" >
23        <activity
24            android:name="com.example.sampleproject.MainActivity"
25            android:configChanges="orientation|keyboardHidden|keyboard|screenSize|smallestScreenSize|locale|layoutDirection|fontScale|screenLayout|density|uiMode"
26            android:exported="true"
27            android:hardwareAccelerated="true"
28            android:launchMode="singleTop"
29            android:theme="@style/LaunchTheme"
30            android:windowSoftInputMode="adjustResize" >
31
32            <!--
33                 Specifies an Android theme to apply to this Activity as soon as
34                 the Android process has started. This theme is visible to the user
35                 while the Flutter UI initializes. After that, this theme continues
36                 to determine the Window background behind the Flutter UI.
37            -->
38            <meta-data
39                android:name="io.flutter.embedding.android.NormalTheme"
40                android:resource="@style/NormalTheme" />
41
42            <intent-filter>
43                <action android:name="android.intent.action.MAIN" />
44
45                <category android:name="android.intent.category.LAUNCHER" />
46            </intent-filter>
47        </activity>
48        <!--
49             Don't delete the meta-data below.
50             This is used by the Flutter tool to generate GeneratedPluginRegistrant.java
51        -->
52        <meta-data
53            android:name="flutterEmbedding"
54            android:value="2" />
55
56        <service
56-->[:firebase_auth] AndroidManifest.xml:10:9-14:19
57            android:name="com.google.firebase.components.ComponentDiscoveryService"
57-->[:firebase_auth] AndroidManifest.xml:10:18-89
58            android:exported="false" >
58-->[com.google.firebase:firebase-auth:17.0.0] AndroidManifest.xml:35:13-37
59            <meta-data
59-->[:firebase_auth] AndroidManifest.xml:11:13-13:85
60                android:name="com.google.firebase.components:io.flutter.plugins.firebaseauth.FlutterFirebaseAppRegistrar"
60-->[:firebase_auth] AndroidManifest.xml:12:17-122
61                android:value="com.google.firebase.components.ComponentRegistrar" />
61-->[:firebase_auth] AndroidManifest.xml:13:17-82
62            <meta-data
62-->[:firebase_core] AndroidManifest.xml:11:13-13:85
63                android:name="com.google.firebase.components:io.flutter.plugins.firebase.core.FlutterFirebaseAppRegistrar"
63-->[:firebase_core] AndroidManifest.xml:12:17-123
64                android:value="com.google.firebase.components.ComponentRegistrar" />
64-->[:firebase_core] AndroidManifest.xml:13:17-82
65            <meta-data
65-->[com.google.firebase:firebase-auth:17.0.0] AndroidManifest.xml:36:13-38:85
66                android:name="com.google.firebase.components:com.google.firebase.auth.FirebaseAuthRegistrar"
66-->[com.google.firebase:firebase-auth:17.0.0] AndroidManifest.xml:37:17-109
67                android:value="com.google.firebase.components.ComponentRegistrar" />
67-->[com.google.firebase:firebase-auth:17.0.0] AndroidManifest.xml:38:17-82
68        </service>
69
70        <uses-library
70-->[androidx.window:window:1.0.0-beta04] AndroidManifest.xml:25:9-27:40
71            android:name="androidx.window.extensions"
71-->[androidx.window:window:1.0.0-beta04] AndroidManifest.xml:26:13-54
72            android:required="false" />
72-->[androidx.window:window:1.0.0-beta04] AndroidManifest.xml:27:13-37
73        <uses-library
73-->[androidx.window:window:1.0.0-beta04] AndroidManifest.xml:28:9-30:40
74            android:name="androidx.window.sidecar"
74-->[androidx.window:window:1.0.0-beta04] AndroidManifest.xml:29:13-51
75            android:required="false" />
75-->[androidx.window:window:1.0.0-beta04] AndroidManifest.xml:30:13-37
76
77        <activity
77-->[com.google.firebase:firebase-auth:17.0.0] AndroidManifest.xml:24:9-31:50
78            android:name="com.google.firebase.auth.internal.FederatedSignInActivity"
78-->[com.google.firebase:firebase-auth:17.0.0] AndroidManifest.xml:25:13-85
79            android:excludeFromRecents="true"
79-->[com.google.firebase:firebase-auth:17.0.0] AndroidManifest.xml:26:13-46
80            android:exported="true"
80-->[com.google.firebase:firebase-auth:17.0.0] AndroidManifest.xml:27:13-36
81            android:launchMode="singleTask"
81-->[com.google.firebase:firebase-auth:17.0.0] AndroidManifest.xml:28:13-44
82            android:permission="com.google.firebase.auth.api.gms.permission.LAUNCH_FEDERATED_SIGN_IN"
82-->[com.google.firebase:firebase-auth:17.0.0] AndroidManifest.xml:29:13-102
83            android:theme="@android:style/Theme.Translucent.NoTitleBar" />
83-->[com.google.firebase:firebase-auth:17.0.0] AndroidManifest.xml:30:13-72
84
85        <provider
85-->[com.google.firebase:firebase-common:17.0.0] AndroidManifest.xml:12:9-16:39
86            android:name="com.google.firebase.provider.FirebaseInitProvider"
86-->[com.google.firebase:firebase-common:17.0.0] AndroidManifest.xml:13:13-77
87            android:authorities="com.example.sampleproject.firebaseinitprovider"
87-->[com.google.firebase:firebase-common:17.0.0] AndroidManifest.xml:14:13-72
88            android:exported="false"
88-->[com.google.firebase:firebase-common:17.0.0] AndroidManifest.xml:15:13-37
89            android:initOrder="100" />
89-->[com.google.firebase:firebase-common:17.0.0] AndroidManifest.xml:16:13-36
90
91        <activity
91-->[com.google.android.gms:play-services-auth:16.0.1] AndroidManifest.xml:23:9-27:75
92            android:name="com.google.android.gms.auth.api.signin.internal.SignInHubActivity"
92-->[com.google.android.gms:play-services-auth:16.0.1] AndroidManifest.xml:24:13-93
93            android:excludeFromRecents="true"
93-->[com.google.android.gms:play-services-auth:16.0.1] AndroidManifest.xml:25:13-46
94            android:exported="false"
94-->[com.google.android.gms:play-services-auth:16.0.1] AndroidManifest.xml:26:13-37
95            android:theme="@android:style/Theme.Translucent.NoTitleBar" />
95-->[com.google.android.gms:play-services-auth:16.0.1] AndroidManifest.xml:27:13-72
96        <!--
97            Service handling Google Sign-In user revocation. For apps that do not integrate with
98            Google Sign-In, this service will never be started.
99        -->
100        <service
100-->[com.google.android.gms:play-services-auth:16.0.1] AndroidManifest.xml:33:9-36:110
101            android:name="com.google.android.gms.auth.api.signin.RevocationBoundService"
101-->[com.google.android.gms:play-services-auth:16.0.1] AndroidManifest.xml:34:13-89
102            android:exported="true"
102-->[com.google.android.gms:play-services-auth:16.0.1] AndroidManifest.xml:35:13-36
103            android:permission="com.google.android.gms.auth.api.signin.permission.REVOCATION_NOTIFICATION" />
103-->[com.google.android.gms:play-services-auth:16.0.1] AndroidManifest.xml:36:13-107
104
105        <activity
105-->[com.google.android.gms:play-services-base:16.0.1] AndroidManifest.xml:23:9-26:75
106            android:name="com.google.android.gms.common.api.GoogleApiActivity"
106-->[com.google.android.gms:play-services-base:16.0.1] AndroidManifest.xml:24:13-79
107            android:exported="false"
107-->[com.google.android.gms:play-services-base:16.0.1] AndroidManifest.xml:25:13-37
108            android:theme="@android:style/Theme.Translucent.NoTitleBar" />
108-->[com.google.android.gms:play-services-base:16.0.1] AndroidManifest.xml:26:13-72
109
110        <meta-data
110-->[com.google.android.gms:play-services-basement:16.1.0] AndroidManifest.xml:23:9-25:69
111            android:name="com.google.android.gms.version"
111-->[com.google.android.gms:play-services-basement:16.1.0] AndroidManifest.xml:24:13-58
112            android:value="@integer/google_play_services_version" />
112-->[com.google.android.gms:play-services-basement:16.1.0] AndroidManifest.xml:25:13-66
113    </application>
114
115</manifest>